<?xml version="1.0" encoding="UTF-8"?>
<testsuite xmlns:xsi="http://www.w3.org/2001/XMLSchema-instance" xsi:noNamespaceSchemaLocation="https://maven.apache.org/surefire/maven-surefire-plugin/xsd/surefire-test-report-3.0.xsd" version="3.0" name="io.github.brittLiban.centroidfinder.BinarizingImageGroupFinderTest" time="0.174" tests="11" errors="0" skipped="0" failures="0">
  <properties>
    <property name="java.specification.version" value="21"/>
    <property name="sun.cpu.isalist" value="amd64"/>
    <property name="sun.jnu.encoding" value="Cp1252"/>
    <property name="java.class.path" value="C:\Users\liban\OneDrive\Documents\Bac\SDEV334\centroid-finder\target\test-classes;C:\Users\liban\OneDrive\Documents\Bac\SDEV334\centroid-finder\target\classes;C:\Users\liban\.m2\repository\org\openjfx\javafx-controls\20.0.2\javafx-controls-20.0.2.jar;C:\Users\liban\.m2\repository\org\openjfx\javafx-controls\20.0.2\javafx-controls-20.0.2-win.jar;C:\Users\liban\.m2\repository\org\openjfx\javafx-graphics\20.0.2\javafx-graphics-20.0.2.jar;C:\Users\liban\.m2\repository\org\openjfx\javafx-graphics\20.0.2\javafx-graphics-20.0.2-win.jar;C:\Users\liban\.m2\repository\org\openjfx\javafx-base\20.0.2\javafx-base-20.0.2.jar;C:\Users\liban\.m2\repository\org\openjfx\javafx-base\20.0.2\javafx-base-20.0.2-win.jar;C:\Users\liban\.m2\repository\org\openjfx\javafx-media\20.0.2\javafx-media-20.0.2.jar;C:\Users\liban\.m2\repository\org\openjfx\javafx-media\20.0.2\javafx-media-20.0.2-win.jar;C:\Users\liban\.m2\repository\org\openjfx\javafx-swing\20.0.2\javafx-swing-20.0.2.jar;C:\Users\liban\.m2\repository\org\openjfx\javafx-swing\20.0.2\javafx-swing-20.0.2-win.jar;C:\Users\liban\.m2\repository\org\junit\jupiter\junit-jupiter\5.10.0\junit-jupiter-5.10.0.jar;C:\Users\liban\.m2\repository\org\junit\jupiter\junit-jupiter-api\5.10.0\junit-jupiter-api-5.10.0.jar;C:\Users\liban\.m2\repository\org\opentest4j\opentest4j\1.3.0\opentest4j-1.3.0.jar;C:\Users\liban\.m2\repository\org\junit\platform\junit-platform-commons\1.10.0\junit-platform-commons-1.10.0.jar;C:\Users\liban\.m2\repository\org\apiguardian\apiguardian-api\1.1.2\apiguardian-api-1.1.2.jar;C:\Users\liban\.m2\repository\org\junit\jupiter\junit-jupiter-params\5.10.0\junit-jupiter-params-5.10.0.jar;C:\Users\liban\.m2\repository\org\junit\jupiter\junit-jupiter-engine\5.10.0\junit-jupiter-engine-5.10.0.jar;C:\Users\liban\.m2\repository\org\junit\platform\junit-platform-engine\1.10.0\junit-platform-engine-1.10.0.jar;C:\Users\liban\.m2\repository\org\opencv\opencv\4.11.0\opencv-4.11.0.jar;C:\Users\liban\.m2\repository\org\jetbrains\kotlin\kotlin-stdlib-jdk8\1.5.20\kotlin-stdlib-jdk8-1.5.20.jar;C:\Users\liban\.m2\repository\org\jetbrains\kotlin\kotlin-stdlib\1.5.20\kotlin-stdlib-1.5.20.jar;C:\Users\liban\.m2\repository\org\jetbrains\annotations\13.0\annotations-13.0.jar;C:\Users\liban\.m2\repository\org\jetbrains\kotlin\kotlin-stdlib-common\1.5.20\kotlin-stdlib-common-1.5.20.jar;C:\Users\liban\.m2\repository\org\jetbrains\kotlin\kotlin-stdlib-jdk7\1.5.20\kotlin-stdlib-jdk7-1.5.20.jar;"/>
    <property name="java.vm.vendor" value="Oracle Corporation"/>
    <property name="sun.arch.data.model" value="64"/>
    <property name="user.variant" value=""/>
    <property name="java.vendor.url" value="https://java.oracle.com/"/>
    <property name="user.timezone" value="America/Los_Angeles"/>
    <property name="os.name" value="Windows 11"/>
    <property name="java.vm.specification.version" value="21"/>
    <property name="sun.java.launcher" value="SUN_STANDARD"/>
    <property name="user.country" value="US"/>
    <property name="sun.boot.library.path" value="C:\Program Files\Java\jdk-21\bin"/>
    <property name="sun.java.command" value="C:\Users\liban\AppData\Local\Temp\surefire5174110199403793408\surefirebooter-20250520122110172_3.jar C:\Users\liban\AppData\Local\Temp\surefire5174110199403793408 2025-05-20T12-21-09_951-jvmRun1 surefire-20250520122110172_1tmp surefire_0-20250520122110172_2tmp"/>
    <property name="jdk.debug" value="release"/>
    <property name="surefire.test.class.path" value="C:\Users\liban\OneDrive\Documents\Bac\SDEV334\centroid-finder\target\test-classes;C:\Users\liban\OneDrive\Documents\Bac\SDEV334\centroid-finder\target\classes;C:\Users\liban\.m2\repository\org\openjfx\javafx-controls\20.0.2\javafx-controls-20.0.2.jar;C:\Users\liban\.m2\repository\org\openjfx\javafx-controls\20.0.2\javafx-controls-20.0.2-win.jar;C:\Users\liban\.m2\repository\org\openjfx\javafx-graphics\20.0.2\javafx-graphics-20.0.2.jar;C:\Users\liban\.m2\repository\org\openjfx\javafx-graphics\20.0.2\javafx-graphics-20.0.2-win.jar;C:\Users\liban\.m2\repository\org\openjfx\javafx-base\20.0.2\javafx-base-20.0.2.jar;C:\Users\liban\.m2\repository\org\openjfx\javafx-base\20.0.2\javafx-base-20.0.2-win.jar;C:\Users\liban\.m2\repository\org\openjfx\javafx-media\20.0.2\javafx-media-20.0.2.jar;C:\Users\liban\.m2\repository\org\openjfx\javafx-media\20.0.2\javafx-media-20.0.2-win.jar;C:\Users\liban\.m2\repository\org\openjfx\javafx-swing\20.0.2\javafx-swing-20.0.2.jar;C:\Users\liban\.m2\repository\org\openjfx\javafx-swing\20.0.2\javafx-swing-20.0.2-win.jar;C:\Users\liban\.m2\repository\org\junit\jupiter\junit-jupiter\5.10.0\junit-jupiter-5.10.0.jar;C:\Users\liban\.m2\repository\org\junit\jupiter\junit-jupiter-api\5.10.0\junit-jupiter-api-5.10.0.jar;C:\Users\liban\.m2\repository\org\opentest4j\opentest4j\1.3.0\opentest4j-1.3.0.jar;C:\Users\liban\.m2\repository\org\junit\platform\junit-platform-commons\1.10.0\junit-platform-commons-1.10.0.jar;C:\Users\liban\.m2\repository\org\apiguardian\apiguardian-api\1.1.2\apiguardian-api-1.1.2.jar;C:\Users\liban\.m2\repository\org\junit\jupiter\junit-jupiter-params\5.10.0\junit-jupiter-params-5.10.0.jar;C:\Users\liban\.m2\repository\org\junit\jupiter\junit-jupiter-engine\5.10.0\junit-jupiter-engine-5.10.0.jar;C:\Users\liban\.m2\repository\org\junit\platform\junit-platform-engine\1.10.0\junit-platform-engine-1.10.0.jar;C:\Users\liban\.m2\repository\org\opencv\opencv\4.11.0\opencv-4.11.0.jar;C:\Users\liban\.m2\repository\org\jetbrains\kotlin\kotlin-stdlib-jdk8\1.5.20\kotlin-stdlib-jdk8-1.5.20.jar;C:\Users\liban\.m2\repository\org\jetbrains\kotlin\kotlin-stdlib\1.5.20\kotlin-stdlib-1.5.20.jar;C:\Users\liban\.m2\repository\org\jetbrains\annotations\13.0\annotations-13.0.jar;C:\Users\liban\.m2\repository\org\jetbrains\kotlin\kotlin-stdlib-common\1.5.20\kotlin-stdlib-common-1.5.20.jar;C:\Users\liban\.m2\repository\org\jetbrains\kotlin\kotlin-stdlib-jdk7\1.5.20\kotlin-stdlib-jdk7-1.5.20.jar;"/>
    <property name="sun.cpu.endian" value="little"/>
    <property name="user.home" value="C:\Users\liban"/>
    <property name="user.language" value="en"/>
    <property name="java.specification.vendor" value="Oracle Corporation"/>
    <property name="java.version.date" value="2023-10-17"/>
    <property name="java.home" value="C:\Program Files\Java\jdk-21"/>
    <property name="file.separator" value="\"/>
    <property name="basedir" value="C:\Users\liban\OneDrive\Documents\Bac\SDEV334\centroid-finder"/>
    <property name="java.vm.compressedOopsMode" value="Zero based"/>
    <property name="line.separator" value="&#10;"/>
    <property name="java.vm.specification.vendor" value="Oracle Corporation"/>
    <property name="java.specification.name" value="Java Platform API Specification"/>
    <property name="surefire.real.class.path" value="C:\Users\liban\AppData\Local\Temp\surefire5174110199403793408\surefirebooter-20250520122110172_3.jar"/>
    <property name="user.script" value=""/>
    <property name="sun.management.compiler" value="HotSpot 64-Bit Tiered Compilers"/>
    <property name="java.runtime.version" value="21.0.1+12-LTS-29"/>
    <property name="user.name" value="liban"/>
    <property name="stdout.encoding" value="Cp1252"/>
    <property name="path.separator" value=";"/>
    <property name="os.version" value="10.0"/>
    <property name="java.runtime.name" value="Java(TM) SE Runtime Environment"/>
    <property name="file.encoding" value="UTF-8"/>
    <property name="java.vm.name" value="Java HotSpot(TM) 64-Bit Server VM"/>
    <property name="localRepository" value="C:\Users\liban\.m2\repository"/>
    <property name="java.vendor.url.bug" value="https://bugreport.java.com/bugreport/"/>
    <property name="java.io.tmpdir" value="C:\Users\liban\AppData\Local\Temp\"/>
    <property name="java.version" value="21.0.1"/>
    <property name="user.dir" value="C:\Users\liban\OneDrive\Documents\Bac\SDEV334\centroid-finder"/>
    <property name="os.arch" value="amd64"/>
    <property name="java.vm.specification.name" value="Java Virtual Machine Specification"/>
    <property name="sun.os.patch.level" value=""/>
    <property name="native.encoding" value="Cp1252"/>
    <property name="java.library.path" value="C:/Users/liban/OneDrive/Documents/opencv/build/java/x64"/>
    <property name="java.vm.info" value="mixed mode, sharing"/>
    <property name="stderr.encoding" value="Cp1252"/>
    <property name="java.vendor" value="Oracle Corporation"/>
    <property name="java.vm.version" value="21.0.1+12-LTS-29"/>
    <property name="sun.io.unicode.encoding" value="UnicodeLittle"/>
    <property name="java.class.version" value="65.0"/>
  </properties>
  <testcase name="testNullImageThrows" classname="io.github.brittLiban.centroidfinder.BinarizingImageGroupFinderTest" time="0.065"/>
  <testcase name="testConnectedHorizontalGroup" classname="io.github.brittLiban.centroidfinder.BinarizingImageGroupFinderTest" time="0.052"/>
  <testcase name="testCheckerboardPatternOnlyCountsIsolatedPixels" classname="io.github.brittLiban.centroidfinder.BinarizingImageGroupFinderTest" time="0.0"/>
  <testcase name="testNonSquareImageMixedGroups" classname="io.github.brittLiban.centroidfinder.BinarizingImageGroupFinderTest" time="0.0"/>
  <testcase name="testSingleWhitePixelReturnsOneGroup" classname="io.github.brittLiban.centroidfinder.BinarizingImageGroupFinderTest" time="0.0"/>
  <testcase name="testConnectedVerticalGroup" classname="io.github.brittLiban.centroidfinder.BinarizingImageGroupFinderTest" time="0.005"/>
  <testcase name="testAllBlackReturnsNoGroups" classname="io.github.brittLiban.centroidfinder.BinarizingImageGroupFinderTest" time="0.0"/>
  <testcase name="testDiagonalPixelsShouldBeSeparateGroups" classname="io.github.brittLiban.centroidfinder.BinarizingImageGroupFinderTest" time="0.0"/>
  <testcase name="testTwoDisconnectedGroups" classname="io.github.brittLiban.centroidfinder.BinarizingImageGroupFinderTest" time="0.0"/>
  <testcase name="testLargeSingleGroupLShape" classname="io.github.brittLiban.centroidfinder.BinarizingImageGroupFinderTest" time="0.0"/>
  <testcase name="testEntireImageAllWhiteReturnsOneBigGroup" classname="io.github.brittLiban.centroidfinder.BinarizingImageGroupFinderTest" time="0.0"/>
</testsuite>