<?xml version="1.0" encoding="UTF-8"?>
<testsuite xmlns:xsi="http://www.w3.org/2001/XMLSchema-instance" xsi:noNamespaceSchemaLocation="https://maven.apache.org/surefire/maven-surefire-plugin/xsd/surefire-test-report.xsd" version="3.0.2" name="io.github.humagitgud.centroidfinder.VideoProcessorAppTest" time="0.014" tests="4" errors="0" skipped="0" failures="0">
  <properties>
    <property name="java.specification.version" value="23"/>
    <property name="sun.cpu.isalist" value="amd64"/>
    <property name="sun.jnu.encoding" value="Cp1252"/>
    <property name="java.class.path" value="C:\Green River Classes\SDEV334\centroid-finder\target\test-classes;C:\Green River Classes\SDEV334\centroid-finder\target\classes;C:\Users\maxwe\.m2\repository\org\junit\jupiter\junit-jupiter\5.10.0\junit-jupiter-5.10.0.jar;C:\Users\maxwe\.m2\repository\org\junit\jupiter\junit-jupiter-api\5.10.0\junit-jupiter-api-5.10.0.jar;C:\Users\maxwe\.m2\repository\org\opentest4j\opentest4j\1.3.0\opentest4j-1.3.0.jar;C:\Users\maxwe\.m2\repository\org\junit\platform\junit-platform-commons\1.10.0\junit-platform-commons-1.10.0.jar;C:\Users\maxwe\.m2\repository\org\apiguardian\apiguardian-api\1.1.2\apiguardian-api-1.1.2.jar;C:\Users\maxwe\.m2\repository\org\junit\jupiter\junit-jupiter-params\5.10.0\junit-jupiter-params-5.10.0.jar;C:\Users\maxwe\.m2\repository\org\junit\jupiter\junit-jupiter-engine\5.10.0\junit-jupiter-engine-5.10.0.jar;C:\Users\maxwe\.m2\repository\org\junit\platform\junit-platform-engine\1.10.0\junit-platform-engine-1.10.0.jar;C:\Users\maxwe\.m2\repository\org\bytedeco\javacv-platform\1.5.11\javacv-platform-1.5.11.jar;C:\Users\maxwe\.m2\repository\org\bytedeco\javacv\1.5.11\javacv-1.5.11.jar;C:\Users\maxwe\.m2\repository\org\bytedeco\javacpp\1.5.11\javacpp-1.5.11.jar;C:\Users\maxwe\.m2\repository\org\bytedeco\openblas\0.3.28-1.5.11\openblas-0.3.28-1.5.11.jar;C:\Users\maxwe\.m2\repository\org\bytedeco\opencv\4.10.0-1.5.11\opencv-4.10.0-1.5.11.jar;C:\Users\maxwe\.m2\repository\org\bytedeco\ffmpeg\7.1-1.5.11\ffmpeg-7.1-1.5.11.jar;C:\Users\maxwe\.m2\repository\org\bytedeco\flycapture\2.13.3.31-1.5.9\flycapture-2.13.3.31-1.5.9.jar;C:\Users\maxwe\.m2\repository\org\bytedeco\libdc1394\2.2.6-1.5.9\libdc1394-2.2.6-1.5.9.jar;C:\Users\maxwe\.m2\repository\org\bytedeco\libfreenect\0.5.7-1.5.9\libfreenect-0.5.7-1.5.9.jar;C:\Users\maxwe\.m2\repository\org\bytedeco\libfreenect2\0.2.0-1.5.9\libfreenect2-0.2.0-1.5.9.jar;C:\Users\maxwe\.m2\repository\org\bytedeco\librealsense\1.12.4-1.5.9\librealsense-1.12.4-1.5.9.jar;C:\Users\maxwe\.m2\repository\org\bytedeco\librealsense2\2.53.1-1.5.9\librealsense2-2.53.1-1.5.9.jar;C:\Users\maxwe\.m2\repository\org\bytedeco\videoinput\0.200-1.5.9\videoinput-0.200-1.5.9.jar;C:\Users\maxwe\.m2\repository\org\bytedeco\artoolkitplus\2.3.1-1.5.9\artoolkitplus-2.3.1-1.5.9.jar;C:\Users\maxwe\.m2\repository\org\bytedeco\leptonica\1.85.0-1.5.11\leptonica-1.85.0-1.5.11.jar;C:\Users\maxwe\.m2\repository\org\bytedeco\tesseract\5.5.0-1.5.11\tesseract-5.5.0-1.5.11.jar;C:\Users\maxwe\.m2\repository\org\bytedeco\javacpp-platform\1.5.11\javacpp-platform-1.5.11.jar;C:\Users\maxwe\.m2\repository\org\bytedeco\javacpp\1.5.11\javacpp-1.5.11-android-arm64.jar;C:\Users\maxwe\.m2\repository\org\bytedeco\javacpp\1.5.11\javacpp-1.5.11-android-x86_64.jar;C:\Users\maxwe\.m2\repository\org\bytedeco\javacpp\1.5.11\javacpp-1.5.11-ios-arm64.jar;C:\Users\maxwe\.m2\repository\org\bytedeco\javacpp\1.5.11\javacpp-1.5.11-ios-x86_64.jar;C:\Users\maxwe\.m2\repository\org\bytedeco\javacpp\1.5.11\javacpp-1.5.11-linux-arm64.jar;C:\Users\maxwe\.m2\repository\org\bytedeco\javacpp\1.5.11\javacpp-1.5.11-linux-ppc64le.jar;C:\Users\maxwe\.m2\repository\org\bytedeco\javacpp\1.5.11\javacpp-1.5.11-linux-x86_64.jar;C:\Users\maxwe\.m2\repository\org\bytedeco\javacpp\1.5.11\javacpp-1.5.11-macosx-arm64.jar;C:\Users\maxwe\.m2\repository\org\bytedeco\javacpp\1.5.11\javacpp-1.5.11-macosx-x86_64.jar;C:\Users\maxwe\.m2\repository\org\bytedeco\javacpp\1.5.11\javacpp-1.5.11-windows-x86_64.jar;C:\Users\maxwe\.m2\repository\org\bytedeco\openblas-platform\0.3.28-1.5.11\openblas-platform-0.3.28-1.5.11.jar;C:\Users\maxwe\.m2\repository\org\bytedeco\openblas\0.3.28-1.5.11\openblas-0.3.28-1.5.11-android-arm64.jar;C:\Users\maxwe\.m2\repository\org\bytedeco\openblas\0.3.28-1.5.11\openblas-0.3.28-1.5.11-android-x86_64.jar;C:\Users\maxwe\.m2\repository\org\bytedeco\openblas\0.3.28-1.5.11\openblas-0.3.28-1.5.11-ios-arm64.jar;C:\Users\maxwe\.m2\repository\org\bytedeco\openblas\0.3.28-1.5.11\openblas-0.3.28-1.5.11-ios-x86_64.jar;C:\Users\maxwe\.m2\repository\org\bytedeco\openblas\0.3.28-1.5.11\openblas-0.3.28-1.5.11-linux-x86_64.jar;C:\Users\maxwe\.m2\repository\org\bytedeco\openblas\0.3.28-1.5.11\openblas-0.3.28-1.5.11-linux-arm64.jar;C:\Users\maxwe\.m2\repository\org\bytedeco\openblas\0.3.28-1.5.11\openblas-0.3.28-1.5.11-macosx-arm64.jar;C:\Users\maxwe\.m2\repository\org\bytedeco\openblas\0.3.28-1.5.11\openblas-0.3.28-1.5.11-macosx-x86_64.jar;C:\Users\maxwe\.m2\repository\org\bytedeco\openblas\0.3.28-1.5.11\openblas-0.3.28-1.5.11-windows-x86_64.jar;C:\Users\maxwe\.m2\repository\org\bytedeco\opencv-platform\4.10.0-1.5.11\opencv-platform-4.10.0-1.5.11.jar;C:\Users\maxwe\.m2\repository\org\bytedeco\opencv\4.10.0-1.5.11\opencv-4.10.0-1.5.11-android-arm64.jar;C:\Users\maxwe\.m2\repository\org\bytedeco\opencv\4.10.0-1.5.11\opencv-4.10.0-1.5.11-android-x86_64.jar;C:\Users\maxwe\.m2\repository\org\bytedeco\opencv\4.10.0-1.5.11\opencv-4.10.0-1.5.11-ios-arm64.jar;C:\Users\maxwe\.m2\repository\org\bytedeco\opencv\4.10.0-1.5.11\opencv-4.10.0-1.5.11-ios-x86_64.jar;C:\Users\maxwe\.m2\repository\org\bytedeco\opencv\4.10.0-1.5.11\opencv-4.10.0-1.5.11-linux-x86_64.jar;C:\Users\maxwe\.m2\repository\org\bytedeco\opencv\4.10.0-1.5.11\opencv-4.10.0-1.5.11-linux-arm64.jar;C:\Users\maxwe\.m2\repository\org\bytedeco\opencv\4.10.0-1.5.11\opencv-4.10.0-1.5.11-macosx-arm64.jar;C:\Users\maxwe\.m2\repository\org\bytedeco\opencv\4.10.0-1.5.11\opencv-4.10.0-1.5.11-macosx-x86_64.jar;C:\Users\maxwe\.m2\repository\org\bytedeco\opencv\4.10.0-1.5.11\opencv-4.10.0-1.5.11-windows-x86_64.jar;C:\Users\maxwe\.m2\repository\org\bytedeco\ffmpeg-platform\7.1-1.5.11\ffmpeg-platform-7.1-1.5.11.jar;C:\Users\maxwe\.m2\repository\org\bytedeco\ffmpeg\7.1-1.5.11\ffmpeg-7.1-1.5.11-android-arm64.jar;C:\Users\maxwe\.m2\repository\org\bytedeco\ffmpeg\7.1-1.5.11\ffmpeg-7.1-1.5.11-android-x86_64.jar;C:\Users\maxwe\.m2\repository\org\bytedeco\ffmpeg\7.1-1.5.11\ffmpeg-7.1-1.5.11-linux-x86_64.jar;C:\Users\maxwe\.m2\repository\org\bytedeco\ffmpeg\7.1-1.5.11\ffmpeg-7.1-1.5.11-linux-arm64.jar;C:\Users\maxwe\.m2\repository\org\bytedeco\ffmpeg\7.1-1.5.11\ffmpeg-7.1-1.5.11-macosx-arm64.jar;C:\Users\maxwe\.m2\repository\org\bytedeco\ffmpeg\7.1-1.5.11\ffmpeg-7.1-1.5.11-macosx-x86_64.jar;C:\Users\maxwe\.m2\repository\org\bytedeco\ffmpeg\7.1-1.5.11\ffmpeg-7.1-1.5.11-windows-x86_64.jar;C:\Users\maxwe\.m2\repository\org\bytedeco\flycapture-platform\2.13.3.31-1.5.9\flycapture-platform-2.13.3.31-1.5.9.jar;C:\Users\maxwe\.m2\repository\org\bytedeco\flycapture\2.13.3.31-1.5.9\flycapture-2.13.3.31-1.5.9-linux-x86.jar;C:\Users\maxwe\.m2\repository\org\bytedeco\flycapture\2.13.3.31-1.5.9\flycapture-2.13.3.31-1.5.9-linux-x86_64.jar;C:\Users\maxwe\.m2\repository\org\bytedeco\flycapture\2.13.3.31-1.5.9\flycapture-2.13.3.31-1.5.9-linux-armhf.jar;C:\Users\maxwe\.m2\repository\org\bytedeco\flycapture\2.13.3.31-1.5.9\flycapture-2.13.3.31-1.5.9-linux-arm64.jar;C:\Users\maxwe\.m2\repository\org\bytedeco\flycapture\2.13.3.31-1.5.9\flycapture-2.13.3.31-1.5.9-windows-x86.jar;C:\Users\maxwe\.m2\repository\org\bytedeco\flycapture\2.13.3.31-1.5.9\flycapture-2.13.3.31-1.5.9-windows-x86_64.jar;C:\Users\maxwe\.m2\repository\org\bytedeco\libdc1394-platform\2.2.6-1.5.9\libdc1394-platform-2.2.6-1.5.9.jar;C:\Users\maxwe\.m2\repository\org\bytedeco\libdc1394\2.2.6-1.5.9\libdc1394-2.2.6-1.5.9-linux-x86.jar;C:\Users\maxwe\.m2\repository\org\bytedeco\libdc1394\2.2.6-1.5.9\libdc1394-2.2.6-1.5.9-linux-x86_64.jar;C:\Users\maxwe\.m2\repository\org\bytedeco\libdc1394\2.2.6-1.5.9\libdc1394-2.2.6-1.5.9-linux-armhf.jar;C:\Users\maxwe\.m2\repository\org\bytedeco\libdc1394\2.2.6-1.5.9\libdc1394-2.2.6-1.5.9-linux-arm64.jar;C:\Users\maxwe\.m2\repository\org\bytedeco\libdc1394\2.2.6-1.5.9\libdc1394-2.2.6-1.5.9-linux-ppc64le.jar;C:\Users\maxwe\.m2\repository\org\bytedeco\libdc1394\2.2.6-1.5.9\libdc1394-2.2.6-1.5.9-macosx-x86_64.jar;C:\Users\maxwe\.m2\repository\org\bytedeco\libdc1394\2.2.6-1.5.9\libdc1394-2.2.6-1.5.9-windows-x86.jar;C:\Users\maxwe\.m2\repository\org\bytedeco\libdc1394\2.2.6-1.5.9\libdc1394-2.2.6-1.5.9-windows-x86_64.jar;C:\Users\maxwe\.m2\repository\org\bytedeco\libfreenect-platform\0.5.7-1.5.9\libfreenect-platform-0.5.7-1.5.9.jar;C:\Users\maxwe\.m2\repository\org\bytedeco\libfreenect\0.5.7-1.5.9\libfreenect-0.5.7-1.5.9-linux-x86.jar;C:\Users\maxwe\.m2\repository\org\bytedeco\libfreenect\0.5.7-1.5.9\libfreenect-0.5.7-1.5.9-linux-x86_64.jar;C:\Users\maxwe\.m2\repository\org\bytedeco\libfreenect\0.5.7-1.5.9\libfreenect-0.5.7-1.5.9-linux-armhf.jar;C:\Users\maxwe\.m2\repository\org\bytedeco\libfreenect\0.5.7-1.5.9\libfreenect-0.5.7-1.5.9-linux-arm64.jar;C:\Users\maxwe\.m2\repository\org\bytedeco\libfreenect\0.5.7-1.5.9\libfreenect-0.5.7-1.5.9-linux-ppc64le.jar;C:\Users\maxwe\.m2\repository\org\bytedeco\libfreenect\0.5.7-1.5.9\libfreenect-0.5.7-1.5.9-macosx-x86_64.jar;C:\Users\maxwe\.m2\repository\org\bytedeco\libfreenect\0.5.7-1.5.9\libfreenect-0.5.7-1.5.9-windows-x86.jar;C:\Users\maxwe\.m2\repository\org\bytedeco\libfreenect\0.5.7-1.5.9\libfreenect-0.5.7-1.5.9-windows-x86_64.jar;C:\Users\maxwe\.m2\repository\org\bytedeco\libfreenect2-platform\0.2.0-1.5.9\libfreenect2-platform-0.2.0-1.5.9.jar;C:\Users\maxwe\.m2\repository\org\bytedeco\libfreenect2\0.2.0-1.5.9\libfreenect2-0.2.0-1.5.9-linux-x86.jar;C:\Users\maxwe\.m2\repository\org\bytedeco\libfreenect2\0.2.0-1.5.9\libfreenect2-0.2.0-1.5.9-linux-x86_64.jar;C:\Users\maxwe\.m2\repository\org\bytedeco\libfreenect2\0.2.0-1.5.9\libfreenect2-0.2.0-1.5.9-macosx-x86_64.jar;C:\Users\maxwe\.m2\repository\org\bytedeco\libfreenect2\0.2.0-1.5.9\libfreenect2-0.2.0-1.5.9-windows-x86_64.jar;C:\Users\maxwe\.m2\repository\org\bytedeco\librealsense-platform\1.12.4-1.5.9\librealsense-platform-1.12.4-1.5.9.jar;C:\Users\maxwe\.m2\repository\org\bytedeco\librealsense\1.12.4-1.5.9\librealsense-1.12.4-1.5.9-linux-armhf.jar;C:\Users\maxwe\.m2\repository\org\bytedeco\librealsense\1.12.4-1.5.9\librealsense-1.12.4-1.5.9-linux-arm64.jar;C:\Users\maxwe\.m2\repository\org\bytedeco\librealsense\1.12.4-1.5.9\librealsense-1.12.4-1.5.9-linux-x86.jar;C:\Users\maxwe\.m2\repository\org\bytedeco\librealsense\1.12.4-1.5.9\librealsense-1.12.4-1.5.9-linux-x86_64.jar;C:\Users\maxwe\.m2\repository\org\bytedeco\librealsense\1.12.4-1.5.9\librealsense-1.12.4-1.5.9-macosx-x86_64.jar;C:\Users\maxwe\.m2\repository\org\bytedeco\librealsense\1.12.4-1.5.9\librealsense-1.12.4-1.5.9-windows-x86.jar;C:\Users\maxwe\.m2\repository\org\bytedeco\librealsense\1.12.4-1.5.9\librealsense-1.12.4-1.5.9-windows-x86_64.jar;C:\Users\maxwe\.m2\repository\org\bytedeco\librealsense2-platform\2.53.1-1.5.9\librealsense2-platform-2.53.1-1.5.9.jar;C:\Users\maxwe\.m2\repository\org\bytedeco\librealsense2\2.53.1-1.5.9\librealsense2-2.53.1-1.5.9-linux-armhf.jar;C:\Users\maxwe\.m2\repository\org\bytedeco\librealsense2\2.53.1-1.5.9\librealsense2-2.53.1-1.5.9-linux-arm64.jar;C:\Users\maxwe\.m2\repository\org\bytedeco\librealsense2\2.53.1-1.5.9\librealsense2-2.53.1-1.5.9-linux-x86.jar;C:\Users\maxwe\.m2\repository\org\bytedeco\librealsense2\2.53.1-1.5.9\librealsense2-2.53.1-1.5.9-linux-x86_64.jar;C:\Users\maxwe\.m2\repository\org\bytedeco\librealsense2\2.53.1-1.5.9\librealsense2-2.53.1-1.5.9-macosx-x86_64.jar;C:\Users\maxwe\.m2\repository\org\bytedeco\librealsense2\2.53.1-1.5.9\librealsense2-2.53.1-1.5.9-windows-x86.jar;C:\Users\maxwe\.m2\repository\org\bytedeco\librealsense2\2.53.1-1.5.9\librealsense2-2.53.1-1.5.9-windows-x86_64.jar;C:\Users\maxwe\.m2\repository\org\bytedeco\videoinput-platform\0.200-1.5.9\videoinput-platform-0.200-1.5.9.jar;C:\Users\maxwe\.m2\repository\org\bytedeco\videoinput\0.200-1.5.9\videoinput-0.200-1.5.9-windows-x86.jar;C:\Users\maxwe\.m2\repository\org\bytedeco\videoinput\0.200-1.5.9\videoinput-0.200-1.5.9-windows-x86_64.jar;C:\Users\maxwe\.m2\repository\org\bytedeco\artoolkitplus-platform\2.3.1-1.5.9\artoolkitplus-platform-2.3.1-1.5.9.jar;C:\Users\maxwe\.m2\repository\org\bytedeco\artoolkitplus\2.3.1-1.5.9\artoolkitplus-2.3.1-1.5.9-android-arm.jar;C:\Users\maxwe\.m2\repository\org\bytedeco\artoolkitplus\2.3.1-1.5.9\artoolkitplus-2.3.1-1.5.9-android-arm64.jar;C:\Users\maxwe\.m2\repository\org\bytedeco\artoolkitplus\2.3.1-1.5.9\artoolkitplus-2.3.1-1.5.9-android-x86.jar;C:\Users\maxwe\.m2\repository\org\bytedeco\artoolkitplus\2.3.1-1.5.9\artoolkitplus-2.3.1-1.5.9-android-x86_64.jar;C:\Users\maxwe\.m2\repository\org\bytedeco\artoolkitplus\2.3.1-1.5.9\artoolkitplus-2.3.1-1.5.9-linux-x86.jar;C:\Users\maxwe\.m2\repository\org\bytedeco\artoolkitplus\2.3.1-1.5.9\artoolkitplus-2.3.1-1.5.9-linux-x86_64.jar;C:\Users\maxwe\.m2\repository\org\bytedeco\artoolkitplus\2.3.1-1.5.9\artoolkitplus-2.3.1-1.5.9-linux-armhf.jar;C:\Users\maxwe\.m2\repository\org\bytedeco\artoolkitplus\2.3.1-1.5.9\artoolkitplus-2.3.1-1.5.9-linux-arm64.jar;C:\Users\maxwe\.m2\repository\org\bytedeco\artoolkitplus\2.3.1-1.5.9\artoolkitplus-2.3.1-1.5.9-linux-ppc64le.jar;C:\Users\maxwe\.m2\repository\org\bytedeco\artoolkitplus\2.3.1-1.5.9\artoolkitplus-2.3.1-1.5.9-macosx-x86_64.jar;C:\Users\maxwe\.m2\repository\org\bytedeco\artoolkitplus\2.3.1-1.5.9\artoolkitplus-2.3.1-1.5.9-windows-x86.jar;C:\Users\maxwe\.m2\repository\org\bytedeco\artoolkitplus\2.3.1-1.5.9\artoolkitplus-2.3.1-1.5.9-windows-x86_64.jar;C:\Users\maxwe\.m2\repository\org\bytedeco\leptonica-platform\1.85.0-1.5.11\leptonica-platform-1.85.0-1.5.11.jar;C:\Users\maxwe\.m2\repository\org\bytedeco\leptonica\1.85.0-1.5.11\leptonica-1.85.0-1.5.11-android-arm64.jar;C:\Users\maxwe\.m2\repository\org\bytedeco\leptonica\1.85.0-1.5.11\leptonica-1.85.0-1.5.11-android-x86_64.jar;C:\Users\maxwe\.m2\repository\org\bytedeco\leptonica\1.85.0-1.5.11\leptonica-1.85.0-1.5.11-linux-x86_64.jar;C:\Users\maxwe\.m2\repository\org\bytedeco\leptonica\1.85.0-1.5.11\leptonica-1.85.0-1.5.11-linux-arm64.jar;C:\Users\maxwe\.m2\repository\org\bytedeco\leptonica\1.85.0-1.5.11\leptonica-1.85.0-1.5.11-macosx-arm64.jar;C:\Users\maxwe\.m2\repository\org\bytedeco\leptonica\1.85.0-1.5.11\leptonica-1.85.0-1.5.11-macosx-x86_64.jar;C:\Users\maxwe\.m2\repository\org\bytedeco\leptonica\1.85.0-1.5.11\leptonica-1.85.0-1.5.11-windows-x86_64.jar;C:\Users\maxwe\.m2\repository\org\bytedeco\tesseract-platform\5.5.0-1.5.11\tesseract-platform-5.5.0-1.5.11.jar;C:\Users\maxwe\.m2\repository\org\bytedeco\tesseract\5.5.0-1.5.11\tesseract-5.5.0-1.5.11-android-arm64.jar;C:\Users\maxwe\.m2\repository\org\bytedeco\tesseract\5.5.0-1.5.11\tesseract-5.5.0-1.5.11-android-x86_64.jar;C:\Users\maxwe\.m2\repository\org\bytedeco\tesseract\5.5.0-1.5.11\tesseract-5.5.0-1.5.11-linux-x86_64.jar;C:\Users\maxwe\.m2\repository\org\bytedeco\tesseract\5.5.0-1.5.11\tesseract-5.5.0-1.5.11-linux-arm64.jar;C:\Users\maxwe\.m2\repository\org\bytedeco\tesseract\5.5.0-1.5.11\tesseract-5.5.0-1.5.11-macosx-arm64.jar;C:\Users\maxwe\.m2\repository\org\bytedeco\tesseract\5.5.0-1.5.11\tesseract-5.5.0-1.5.11-macosx-x86_64.jar;C:\Users\maxwe\.m2\repository\org\bytedeco\tesseract\5.5.0-1.5.11\tesseract-5.5.0-1.5.11-windows-x86_64.jar;"/>
    <property name="java.vm.vendor" value="Oracle Corporation"/>
    <property name="sun.arch.data.model" value="64"/>
    <property name="user.variant" value=""/>
    <property name="java.vendor.url" value="https://java.oracle.com/"/>
    <property name="user.timezone" value="America/Los_Angeles"/>
    <property name="os.name" value="Windows 11"/>
    <property name="java.vm.specification.version" value="23"/>
    <property name="sun.java.launcher" value="SUN_STANDARD"/>
    <property name="user.country" value="US"/>
    <property name="sun.boot.library.path" value="C:\Program Files\Java\jdk-23\bin"/>
    <property name="sun.java.command" value="C:\Users\maxwe\AppData\Local\Temp\surefire16910149625857024163\surefirebooter-20250519215243617_3.jar C:\Users\maxwe\AppData\Local\Temp\surefire16910149625857024163 2025-05-19T21-52-43_442-jvmRun1 surefire-20250519215243617_1tmp surefire_0-20250519215243617_2tmp"/>
    <property name="jdk.debug" value="release"/>
    <property name="surefire.test.class.path" value="C:\Green River Classes\SDEV334\centroid-finder\target\test-classes;C:\Green River Classes\SDEV334\centroid-finder\target\classes;C:\Users\maxwe\.m2\repository\org\junit\jupiter\junit-jupiter\5.10.0\junit-jupiter-5.10.0.jar;C:\Users\maxwe\.m2\repository\org\junit\jupiter\junit-jupiter-api\5.10.0\junit-jupiter-api-5.10.0.jar;C:\Users\maxwe\.m2\repository\org\opentest4j\opentest4j\1.3.0\opentest4j-1.3.0.jar;C:\Users\maxwe\.m2\repository\org\junit\platform\junit-platform-commons\1.10.0\junit-platform-commons-1.10.0.jar;C:\Users\maxwe\.m2\repository\org\apiguardian\apiguardian-api\1.1.2\apiguardian-api-1.1.2.jar;C:\Users\maxwe\.m2\repository\org\junit\jupiter\junit-jupiter-params\5.10.0\junit-jupiter-params-5.10.0.jar;C:\Users\maxwe\.m2\repository\org\junit\jupiter\junit-jupiter-engine\5.10.0\junit-jupiter-engine-5.10.0.jar;C:\Users\maxwe\.m2\repository\org\junit\platform\junit-platform-engine\1.10.0\junit-platform-engine-1.10.0.jar;C:\Users\maxwe\.m2\repository\org\bytedeco\javacv-platform\1.5.11\javacv-platform-1.5.11.jar;C:\Users\maxwe\.m2\repository\org\bytedeco\javacv\1.5.11\javacv-1.5.11.jar;C:\Users\maxwe\.m2\repository\org\bytedeco\javacpp\1.5.11\javacpp-1.5.11.jar;C:\Users\maxwe\.m2\repository\org\bytedeco\openblas\0.3.28-1.5.11\openblas-0.3.28-1.5.11.jar;C:\Users\maxwe\.m2\repository\org\bytedeco\opencv\4.10.0-1.5.11\opencv-4.10.0-1.5.11.jar;C:\Users\maxwe\.m2\repository\org\bytedeco\ffmpeg\7.1-1.5.11\ffmpeg-7.1-1.5.11.jar;C:\Users\maxwe\.m2\repository\org\bytedeco\flycapture\2.13.3.31-1.5.9\flycapture-2.13.3.31-1.5.9.jar;C:\Users\maxwe\.m2\repository\org\bytedeco\libdc1394\2.2.6-1.5.9\libdc1394-2.2.6-1.5.9.jar;C:\Users\maxwe\.m2\repository\org\bytedeco\libfreenect\0.5.7-1.5.9\libfreenect-0.5.7-1.5.9.jar;C:\Users\maxwe\.m2\repository\org\bytedeco\libfreenect2\0.2.0-1.5.9\libfreenect2-0.2.0-1.5.9.jar;C:\Users\maxwe\.m2\repository\org\bytedeco\librealsense\1.12.4-1.5.9\librealsense-1.12.4-1.5.9.jar;C:\Users\maxwe\.m2\repository\org\bytedeco\librealsense2\2.53.1-1.5.9\librealsense2-2.53.1-1.5.9.jar;C:\Users\maxwe\.m2\repository\org\bytedeco\videoinput\0.200-1.5.9\videoinput-0.200-1.5.9.jar;C:\Users\maxwe\.m2\repository\org\bytedeco\artoolkitplus\2.3.1-1.5.9\artoolkitplus-2.3.1-1.5.9.jar;C:\Users\maxwe\.m2\repository\org\bytedeco\leptonica\1.85.0-1.5.11\leptonica-1.85.0-1.5.11.jar;C:\Users\maxwe\.m2\repository\org\bytedeco\tesseract\5.5.0-1.5.11\tesseract-5.5.0-1.5.11.jar;C:\Users\maxwe\.m2\repository\org\bytedeco\javacpp-platform\1.5.11\javacpp-platform-1.5.11.jar;C:\Users\maxwe\.m2\repository\org\bytedeco\javacpp\1.5.11\javacpp-1.5.11-android-arm64.jar;C:\Users\maxwe\.m2\repository\org\bytedeco\javacpp\1.5.11\javacpp-1.5.11-android-x86_64.jar;C:\Users\maxwe\.m2\repository\org\bytedeco\javacpp\1.5.11\javacpp-1.5.11-ios-arm64.jar;C:\Users\maxwe\.m2\repository\org\bytedeco\javacpp\1.5.11\javacpp-1.5.11-ios-x86_64.jar;C:\Users\maxwe\.m2\repository\org\bytedeco\javacpp\1.5.11\javacpp-1.5.11-linux-arm64.jar;C:\Users\maxwe\.m2\repository\org\bytedeco\javacpp\1.5.11\javacpp-1.5.11-linux-ppc64le.jar;C:\Users\maxwe\.m2\repository\org\bytedeco\javacpp\1.5.11\javacpp-1.5.11-linux-x86_64.jar;C:\Users\maxwe\.m2\repository\org\bytedeco\javacpp\1.5.11\javacpp-1.5.11-macosx-arm64.jar;C:\Users\maxwe\.m2\repository\org\bytedeco\javacpp\1.5.11\javacpp-1.5.11-macosx-x86_64.jar;C:\Users\maxwe\.m2\repository\org\bytedeco\javacpp\1.5.11\javacpp-1.5.11-windows-x86_64.jar;C:\Users\maxwe\.m2\repository\org\bytedeco\openblas-platform\0.3.28-1.5.11\openblas-platform-0.3.28-1.5.11.jar;C:\Users\maxwe\.m2\repository\org\bytedeco\openblas\0.3.28-1.5.11\openblas-0.3.28-1.5.11-android-arm64.jar;C:\Users\maxwe\.m2\repository\org\bytedeco\openblas\0.3.28-1.5.11\openblas-0.3.28-1.5.11-android-x86_64.jar;C:\Users\maxwe\.m2\repository\org\bytedeco\openblas\0.3.28-1.5.11\openblas-0.3.28-1.5.11-ios-arm64.jar;C:\Users\maxwe\.m2\repository\org\bytedeco\openblas\0.3.28-1.5.11\openblas-0.3.28-1.5.11-ios-x86_64.jar;C:\Users\maxwe\.m2\repository\org\bytedeco\openblas\0.3.28-1.5.11\openblas-0.3.28-1.5.11-linux-x86_64.jar;C:\Users\maxwe\.m2\repository\org\bytedeco\openblas\0.3.28-1.5.11\openblas-0.3.28-1.5.11-linux-arm64.jar;C:\Users\maxwe\.m2\repository\org\bytedeco\openblas\0.3.28-1.5.11\openblas-0.3.28-1.5.11-macosx-arm64.jar;C:\Users\maxwe\.m2\repository\org\bytedeco\openblas\0.3.28-1.5.11\openblas-0.3.28-1.5.11-macosx-x86_64.jar;C:\Users\maxwe\.m2\repository\org\bytedeco\openblas\0.3.28-1.5.11\openblas-0.3.28-1.5.11-windows-x86_64.jar;C:\Users\maxwe\.m2\repository\org\bytedeco\opencv-platform\4.10.0-1.5.11\opencv-platform-4.10.0-1.5.11.jar;C:\Users\maxwe\.m2\repository\org\bytedeco\opencv\4.10.0-1.5.11\opencv-4.10.0-1.5.11-android-arm64.jar;C:\Users\maxwe\.m2\repository\org\bytedeco\opencv\4.10.0-1.5.11\opencv-4.10.0-1.5.11-android-x86_64.jar;C:\Users\maxwe\.m2\repository\org\bytedeco\opencv\4.10.0-1.5.11\opencv-4.10.0-1.5.11-ios-arm64.jar;C:\Users\maxwe\.m2\repository\org\bytedeco\opencv\4.10.0-1.5.11\opencv-4.10.0-1.5.11-ios-x86_64.jar;C:\Users\maxwe\.m2\repository\org\bytedeco\opencv\4.10.0-1.5.11\opencv-4.10.0-1.5.11-linux-x86_64.jar;C:\Users\maxwe\.m2\repository\org\bytedeco\opencv\4.10.0-1.5.11\opencv-4.10.0-1.5.11-linux-arm64.jar;C:\Users\maxwe\.m2\repository\org\bytedeco\opencv\4.10.0-1.5.11\opencv-4.10.0-1.5.11-macosx-arm64.jar;C:\Users\maxwe\.m2\repository\org\bytedeco\opencv\4.10.0-1.5.11\opencv-4.10.0-1.5.11-macosx-x86_64.jar;C:\Users\maxwe\.m2\repository\org\bytedeco\opencv\4.10.0-1.5.11\opencv-4.10.0-1.5.11-windows-x86_64.jar;C:\Users\maxwe\.m2\repository\org\bytedeco\ffmpeg-platform\7.1-1.5.11\ffmpeg-platform-7.1-1.5.11.jar;C:\Users\maxwe\.m2\repository\org\bytedeco\ffmpeg\7.1-1.5.11\ffmpeg-7.1-1.5.11-android-arm64.jar;C:\Users\maxwe\.m2\repository\org\bytedeco\ffmpeg\7.1-1.5.11\ffmpeg-7.1-1.5.11-android-x86_64.jar;C:\Users\maxwe\.m2\repository\org\bytedeco\ffmpeg\7.1-1.5.11\ffmpeg-7.1-1.5.11-linux-x86_64.jar;C:\Users\maxwe\.m2\repository\org\bytedeco\ffmpeg\7.1-1.5.11\ffmpeg-7.1-1.5.11-linux-arm64.jar;C:\Users\maxwe\.m2\repository\org\bytedeco\ffmpeg\7.1-1.5.11\ffmpeg-7.1-1.5.11-macosx-arm64.jar;C:\Users\maxwe\.m2\repository\org\bytedeco\ffmpeg\7.1-1.5.11\ffmpeg-7.1-1.5.11-macosx-x86_64.jar;C:\Users\maxwe\.m2\repository\org\bytedeco\ffmpeg\7.1-1.5.11\ffmpeg-7.1-1.5.11-windows-x86_64.jar;C:\Users\maxwe\.m2\repository\org\bytedeco\flycapture-platform\2.13.3.31-1.5.9\flycapture-platform-2.13.3.31-1.5.9.jar;C:\Users\maxwe\.m2\repository\org\bytedeco\flycapture\2.13.3.31-1.5.9\flycapture-2.13.3.31-1.5.9-linux-x86.jar;C:\Users\maxwe\.m2\repository\org\bytedeco\flycapture\2.13.3.31-1.5.9\flycapture-2.13.3.31-1.5.9-linux-x86_64.jar;C:\Users\maxwe\.m2\repository\org\bytedeco\flycapture\2.13.3.31-1.5.9\flycapture-2.13.3.31-1.5.9-linux-armhf.jar;C:\Users\maxwe\.m2\repository\org\bytedeco\flycapture\2.13.3.31-1.5.9\flycapture-2.13.3.31-1.5.9-linux-arm64.jar;C:\Users\maxwe\.m2\repository\org\bytedeco\flycapture\2.13.3.31-1.5.9\flycapture-2.13.3.31-1.5.9-windows-x86.jar;C:\Users\maxwe\.m2\repository\org\bytedeco\flycapture\2.13.3.31-1.5.9\flycapture-2.13.3.31-1.5.9-windows-x86_64.jar;C:\Users\maxwe\.m2\repository\org\bytedeco\libdc1394-platform\2.2.6-1.5.9\libdc1394-platform-2.2.6-1.5.9.jar;C:\Users\maxwe\.m2\repository\org\bytedeco\libdc1394\2.2.6-1.5.9\libdc1394-2.2.6-1.5.9-linux-x86.jar;C:\Users\maxwe\.m2\repository\org\bytedeco\libdc1394\2.2.6-1.5.9\libdc1394-2.2.6-1.5.9-linux-x86_64.jar;C:\Users\maxwe\.m2\repository\org\bytedeco\libdc1394\2.2.6-1.5.9\libdc1394-2.2.6-1.5.9-linux-armhf.jar;C:\Users\maxwe\.m2\repository\org\bytedeco\libdc1394\2.2.6-1.5.9\libdc1394-2.2.6-1.5.9-linux-arm64.jar;C:\Users\maxwe\.m2\repository\org\bytedeco\libdc1394\2.2.6-1.5.9\libdc1394-2.2.6-1.5.9-linux-ppc64le.jar;C:\Users\maxwe\.m2\repository\org\bytedeco\libdc1394\2.2.6-1.5.9\libdc1394-2.2.6-1.5.9-macosx-x86_64.jar;C:\Users\maxwe\.m2\repository\org\bytedeco\libdc1394\2.2.6-1.5.9\libdc1394-2.2.6-1.5.9-windows-x86.jar;C:\Users\maxwe\.m2\repository\org\bytedeco\libdc1394\2.2.6-1.5.9\libdc1394-2.2.6-1.5.9-windows-x86_64.jar;C:\Users\maxwe\.m2\repository\org\bytedeco\libfreenect-platform\0.5.7-1.5.9\libfreenect-platform-0.5.7-1.5.9.jar;C:\Users\maxwe\.m2\repository\org\bytedeco\libfreenect\0.5.7-1.5.9\libfreenect-0.5.7-1.5.9-linux-x86.jar;C:\Users\maxwe\.m2\repository\org\bytedeco\libfreenect\0.5.7-1.5.9\libfreenect-0.5.7-1.5.9-linux-x86_64.jar;C:\Users\maxwe\.m2\repository\org\bytedeco\libfreenect\0.5.7-1.5.9\libfreenect-0.5.7-1.5.9-linux-armhf.jar;C:\Users\maxwe\.m2\repository\org\bytedeco\libfreenect\0.5.7-1.5.9\libfreenect-0.5.7-1.5.9-linux-arm64.jar;C:\Users\maxwe\.m2\repository\org\bytedeco\libfreenect\0.5.7-1.5.9\libfreenect-0.5.7-1.5.9-linux-ppc64le.jar;C:\Users\maxwe\.m2\repository\org\bytedeco\libfreenect\0.5.7-1.5.9\libfreenect-0.5.7-1.5.9-macosx-x86_64.jar;C:\Users\maxwe\.m2\repository\org\bytedeco\libfreenect\0.5.7-1.5.9\libfreenect-0.5.7-1.5.9-windows-x86.jar;C:\Users\maxwe\.m2\repository\org\bytedeco\libfreenect\0.5.7-1.5.9\libfreenect-0.5.7-1.5.9-windows-x86_64.jar;C:\Users\maxwe\.m2\repository\org\bytedeco\libfreenect2-platform\0.2.0-1.5.9\libfreenect2-platform-0.2.0-1.5.9.jar;C:\Users\maxwe\.m2\repository\org\bytedeco\libfreenect2\0.2.0-1.5.9\libfreenect2-0.2.0-1.5.9-linux-x86.jar;C:\Users\maxwe\.m2\repository\org\bytedeco\libfreenect2\0.2.0-1.5.9\libfreenect2-0.2.0-1.5.9-linux-x86_64.jar;C:\Users\maxwe\.m2\repository\org\bytedeco\libfreenect2\0.2.0-1.5.9\libfreenect2-0.2.0-1.5.9-macosx-x86_64.jar;C:\Users\maxwe\.m2\repository\org\bytedeco\libfreenect2\0.2.0-1.5.9\libfreenect2-0.2.0-1.5.9-windows-x86_64.jar;C:\Users\maxwe\.m2\repository\org\bytedeco\librealsense-platform\1.12.4-1.5.9\librealsense-platform-1.12.4-1.5.9.jar;C:\Users\maxwe\.m2\repository\org\bytedeco\librealsense\1.12.4-1.5.9\librealsense-1.12.4-1.5.9-linux-armhf.jar;C:\Users\maxwe\.m2\repository\org\bytedeco\librealsense\1.12.4-1.5.9\librealsense-1.12.4-1.5.9-linux-arm64.jar;C:\Users\maxwe\.m2\repository\org\bytedeco\librealsense\1.12.4-1.5.9\librealsense-1.12.4-1.5.9-linux-x86.jar;C:\Users\maxwe\.m2\repository\org\bytedeco\librealsense\1.12.4-1.5.9\librealsense-1.12.4-1.5.9-linux-x86_64.jar;C:\Users\maxwe\.m2\repository\org\bytedeco\librealsense\1.12.4-1.5.9\librealsense-1.12.4-1.5.9-macosx-x86_64.jar;C:\Users\maxwe\.m2\repository\org\bytedeco\librealsense\1.12.4-1.5.9\librealsense-1.12.4-1.5.9-windows-x86.jar;C:\Users\maxwe\.m2\repository\org\bytedeco\librealsense\1.12.4-1.5.9\librealsense-1.12.4-1.5.9-windows-x86_64.jar;C:\Users\maxwe\.m2\repository\org\bytedeco\librealsense2-platform\2.53.1-1.5.9\librealsense2-platform-2.53.1-1.5.9.jar;C:\Users\maxwe\.m2\repository\org\bytedeco\librealsense2\2.53.1-1.5.9\librealsense2-2.53.1-1.5.9-linux-armhf.jar;C:\Users\maxwe\.m2\repository\org\bytedeco\librealsense2\2.53.1-1.5.9\librealsense2-2.53.1-1.5.9-linux-arm64.jar;C:\Users\maxwe\.m2\repository\org\bytedeco\librealsense2\2.53.1-1.5.9\librealsense2-2.53.1-1.5.9-linux-x86.jar;C:\Users\maxwe\.m2\repository\org\bytedeco\librealsense2\2.53.1-1.5.9\librealsense2-2.53.1-1.5.9-linux-x86_64.jar;C:\Users\maxwe\.m2\repository\org\bytedeco\librealsense2\2.53.1-1.5.9\librealsense2-2.53.1-1.5.9-macosx-x86_64.jar;C:\Users\maxwe\.m2\repository\org\bytedeco\librealsense2\2.53.1-1.5.9\librealsense2-2.53.1-1.5.9-windows-x86.jar;C:\Users\maxwe\.m2\repository\org\bytedeco\librealsense2\2.53.1-1.5.9\librealsense2-2.53.1-1.5.9-windows-x86_64.jar;C:\Users\maxwe\.m2\repository\org\bytedeco\videoinput-platform\0.200-1.5.9\videoinput-platform-0.200-1.5.9.jar;C:\Users\maxwe\.m2\repository\org\bytedeco\videoinput\0.200-1.5.9\videoinput-0.200-1.5.9-windows-x86.jar;C:\Users\maxwe\.m2\repository\org\bytedeco\videoinput\0.200-1.5.9\videoinput-0.200-1.5.9-windows-x86_64.jar;C:\Users\maxwe\.m2\repository\org\bytedeco\artoolkitplus-platform\2.3.1-1.5.9\artoolkitplus-platform-2.3.1-1.5.9.jar;C:\Users\maxwe\.m2\repository\org\bytedeco\artoolkitplus\2.3.1-1.5.9\artoolkitplus-2.3.1-1.5.9-android-arm.jar;C:\Users\maxwe\.m2\repository\org\bytedeco\artoolkitplus\2.3.1-1.5.9\artoolkitplus-2.3.1-1.5.9-android-arm64.jar;C:\Users\maxwe\.m2\repository\org\bytedeco\artoolkitplus\2.3.1-1.5.9\artoolkitplus-2.3.1-1.5.9-android-x86.jar;C:\Users\maxwe\.m2\repository\org\bytedeco\artoolkitplus\2.3.1-1.5.9\artoolkitplus-2.3.1-1.5.9-android-x86_64.jar;C:\Users\maxwe\.m2\repository\org\bytedeco\artoolkitplus\2.3.1-1.5.9\artoolkitplus-2.3.1-1.5.9-linux-x86.jar;C:\Users\maxwe\.m2\repository\org\bytedeco\artoolkitplus\2.3.1-1.5.9\artoolkitplus-2.3.1-1.5.9-linux-x86_64.jar;C:\Users\maxwe\.m2\repository\org\bytedeco\artoolkitplus\2.3.1-1.5.9\artoolkitplus-2.3.1-1.5.9-linux-armhf.jar;C:\Users\maxwe\.m2\repository\org\bytedeco\artoolkitplus\2.3.1-1.5.9\artoolkitplus-2.3.1-1.5.9-linux-arm64.jar;C:\Users\maxwe\.m2\repository\org\bytedeco\artoolkitplus\2.3.1-1.5.9\artoolkitplus-2.3.1-1.5.9-linux-ppc64le.jar;C:\Users\maxwe\.m2\repository\org\bytedeco\artoolkitplus\2.3.1-1.5.9\artoolkitplus-2.3.1-1.5.9-macosx-x86_64.jar;C:\Users\maxwe\.m2\repository\org\bytedeco\artoolkitplus\2.3.1-1.5.9\artoolkitplus-2.3.1-1.5.9-windows-x86.jar;C:\Users\maxwe\.m2\repository\org\bytedeco\artoolkitplus\2.3.1-1.5.9\artoolkitplus-2.3.1-1.5.9-windows-x86_64.jar;C:\Users\maxwe\.m2\repository\org\bytedeco\leptonica-platform\1.85.0-1.5.11\leptonica-platform-1.85.0-1.5.11.jar;C:\Users\maxwe\.m2\repository\org\bytedeco\leptonica\1.85.0-1.5.11\leptonica-1.85.0-1.5.11-android-arm64.jar;C:\Users\maxwe\.m2\repository\org\bytedeco\leptonica\1.85.0-1.5.11\leptonica-1.85.0-1.5.11-android-x86_64.jar;C:\Users\maxwe\.m2\repository\org\bytedeco\leptonica\1.85.0-1.5.11\leptonica-1.85.0-1.5.11-linux-x86_64.jar;C:\Users\maxwe\.m2\repository\org\bytedeco\leptonica\1.85.0-1.5.11\leptonica-1.85.0-1.5.11-linux-arm64.jar;C:\Users\maxwe\.m2\repository\org\bytedeco\leptonica\1.85.0-1.5.11\leptonica-1.85.0-1.5.11-macosx-arm64.jar;C:\Users\maxwe\.m2\repository\org\bytedeco\leptonica\1.85.0-1.5.11\leptonica-1.85.0-1.5.11-macosx-x86_64.jar;C:\Users\maxwe\.m2\repository\org\bytedeco\leptonica\1.85.0-1.5.11\leptonica-1.85.0-1.5.11-windows-x86_64.jar;C:\Users\maxwe\.m2\repository\org\bytedeco\tesseract-platform\5.5.0-1.5.11\tesseract-platform-5.5.0-1.5.11.jar;C:\Users\maxwe\.m2\repository\org\bytedeco\tesseract\5.5.0-1.5.11\tesseract-5.5.0-1.5.11-android-arm64.jar;C:\Users\maxwe\.m2\repository\org\bytedeco\tesseract\5.5.0-1.5.11\tesseract-5.5.0-1.5.11-android-x86_64.jar;C:\Users\maxwe\.m2\repository\org\bytedeco\tesseract\5.5.0-1.5.11\tesseract-5.5.0-1.5.11-linux-x86_64.jar;C:\Users\maxwe\.m2\repository\org\bytedeco\tesseract\5.5.0-1.5.11\tesseract-5.5.0-1.5.11-linux-arm64.jar;C:\Users\maxwe\.m2\repository\org\bytedeco\tesseract\5.5.0-1.5.11\tesseract-5.5.0-1.5.11-macosx-arm64.jar;C:\Users\maxwe\.m2\repository\org\bytedeco\tesseract\5.5.0-1.5.11\tesseract-5.5.0-1.5.11-macosx-x86_64.jar;C:\Users\maxwe\.m2\repository\org\bytedeco\tesseract\5.5.0-1.5.11\tesseract-5.5.0-1.5.11-windows-x86_64.jar;"/>
    <property name="sun.cpu.endian" value="little"/>
    <property name="user.home" value="C:\Users\maxwe"/>
    <property name="user.language" value="en"/>
    <property name="java.specification.vendor" value="Oracle Corporation"/>
    <property name="java.version.date" value="2025-01-21"/>
    <property name="java.home" value="C:\Program Files\Java\jdk-23"/>
    <property name="file.separator" value="\"/>
    <property name="basedir" value="C:\Green River Classes\SDEV334\centroid-finder"/>
    <property name="java.vm.compressedOopsMode" value="Zero based"/>
    <property name="line.separator" value="&#10;"/>
    <property name="java.vm.specification.vendor" value="Oracle Corporation"/>
    <property name="java.specification.name" value="Java Platform API Specification"/>
    <property name="surefire.real.class.path" value="C:\Users\maxwe\AppData\Local\Temp\surefire16910149625857024163\surefirebooter-20250519215243617_3.jar"/>
    <property name="user.script" value=""/>
    <property name="sun.management.compiler" value="HotSpot 64-Bit Tiered Compilers"/>
    <property name="java.runtime.version" value="23.0.2+7-58"/>
    <property name="user.name" value="maxwe"/>
    <property name="stdout.encoding" value="Cp1252"/>
    <property name="path.separator" value=";"/>
    <property name="os.version" value="10.0"/>
    <property name="java.runtime.name" value="Java(TM) SE Runtime Environment"/>
    <property name="file.encoding" value="UTF-8"/>
    <property name="java.vm.name" value="Java HotSpot(TM) 64-Bit Server VM"/>
    <property name="localRepository" value="C:\Users\maxwe\.m2\repository"/>
    <property name="java.vendor.url.bug" value="https://bugreport.java.com/bugreport/"/>
    <property name="java.io.tmpdir" value="C:\Users\maxwe\AppData\Local\Temp\"/>
    <property name="java.version" value="23.0.2"/>
    <property name="user.dir" value="C:\Green River Classes\SDEV334\centroid-finder"/>
    <property name="os.arch" value="amd64"/>
    <property name="java.vm.specification.name" value="Java Virtual Machine Specification"/>
    <property name="sun.os.patch.level" value=""/>
    <property name="native.encoding" value="Cp1252"/>
    <property name="java.library.path" value="C:\Program Files\Java\jdk-23\bin;C:\WINDOWS\Sun\Java\bin;C:\WINDOWS\system32;C:\WINDOWS;C:\Users\maxwe\bin;C:\Users\maxwe\bin;C:\Program Files\Git\mingw64\bin;C:\Program Files\Git\usr\local\bin;C:\Program Files\Git\usr\bin;C:\Program Files\Git\usr\bin;C:\Program Files\Git\mingw64\bin;C:\Program Files\Git\usr\bin;C:\Users\maxwe\bin;C:\Program Files\Common Files\Oracle\Java\javapath;C:\Python312\Scripts;C:\Python312;C:\WINDOWS\system32;C:\WINDOWS;C:\WINDOWS\System32\Wbem;C:\WINDOWS\System32\WindowsPowerShell\v1.0;C:\WINDOWS\System32\OpenSSH;C:\Program Files\PuTTY;C:\Program Files\NVIDIA Corporation\NVIDIA NvDLISR;C:\Program Files\Git\cmd;C:\Program Files\nodejs;C:\ProgramData\chocolatey\bin;C:\Program Files\PostgreSQL\17\bin;C:\Program Files\Docker\Docker\resources\bin;C:\Program Files\GitHub CLI;C:\Users\maxwe\AppData\Roaming\Python\Python312\Scripts;C:\Program Files\Apache\apache-maven-3.9.9\bin;C:\Users\maxwe\AppData\Local\Programs\cursor\resources\app\bin;C:\Users\maxwe\AppData\Local\Programs\Python\Python313\Scripts;C:\Users\maxwe\AppData\Local\Programs\Python\Python313;C:\Users\maxwe\AppData\Local\Microsoft\WindowsApps;C:\Program Files\JetBrains\IntelliJ IDEA 2024.1\bin;C:\Users\maxwe\AppData\Local\Programs\Microsoft VS Code\bin;C:\Users\maxwe\AppData\Roaming\npm;C:\Users\maxwe\.bun\bin;C:\Program Files\Java\jdk-23\bin;C:\Users\maxwe\AppData\Roaming\Python\Python312\Scripts;C:\Program Files\Apache\apache-maven-3.9.9\bin;C:\Users\maxwe\AppData\Local\Programs\cursor\resources\app\bin;C:\Program Files\Git\usr\bin\vendor_perl;C:\Program Files\Git\usr\bin\core_perl;."/>
    <property name="java.vm.info" value="mixed mode, sharing"/>
    <property name="stderr.encoding" value="Cp1252"/>
    <property name="java.vendor" value="Oracle Corporation"/>
    <property name="java.vm.version" value="23.0.2+7-58"/>
    <property name="sun.io.unicode.encoding" value="UnicodeLittle"/>
    <property name="java.class.version" value="67.0"/>
  </properties>
  <testcase name="testInvalidThresholdPrintsError" classname="io.github.humagitgud.centroidfinder.VideoProcessorAppTest" time="0.004"/>
  <testcase name="testInvalidInputFilePrintsError" classname="io.github.humagitgud.centroidfinder.VideoProcessorAppTest" time="0.001"/>
  <testcase name="testMissingArgsPrintsUsage" classname="io.github.humagitgud.centroidfinder.VideoProcessorAppTest" time="0.001"/>
  <testcase name="testInvalidColorPrintsError(File)" classname="io.github.humagitgud.centroidfinder.VideoProcessorAppTest" time="0.003"/>
</testsuite>